<?xml version="1.0" encoding="UTF-8"?>
<testsuite name="org.apache.hadoop.hive.cli.TestMiniTezCliDriver" time="0.007" tests="1" errors="0" skipped="0" failures="1">
  <properties>
[...]
</properties>
  <testcase name="initializationError" classname="org.apache.hadoop.hive.cli.TestMiniTezCliDriver" time="0.007">
    <failure message="Unexpected exception in static initialization: java.lang.RuntimeException: Unable to instantiate org.apache.hadoop.hive.ql.metadata.SessionHiveMetaStoreClient" type="junit.framework.AssertionFailedError"><![CDATA[junit.framework.AssertionFailedError: Unexpected exception in static initialization: java.lang.RuntimeException: Unable to instantiate org.apache.hadoop.hive.ql.metadata.SessionHiveMetaStoreClient
	at junit.framework.Assert.fail(Assert.java:57)
	at junit.framework.TestCase.fail(TestCase.java:227)
	at org.apache.hadoop.hive.cli.TestMiniTezCliDriver.<clinit>(TestMiniTezCliDriver.java:64)
]]></failure>
    <system-out><![CDATA[log4j: Using URL [file:/Users/selinaz/dev/branch-1.2-skewjoinNPE/hive/itests/qtest/target/tmp/conf/hive-log4j.properties] for automatic log4j configuration.
log4j: Reading configuration from URL file:/Users/selinaz/dev/branch-1.2-skewjoinNPE/hive/itests/qtest/target/tmp/conf/hive-log4j.properties
log4j: Parsing for [root] with value=[DEBUG,DRFA, EventCounter].
log4j: Level token is [DEBUG].
log4j: Category root set to DEBUG
log4j: Parsing appender named "DRFA".
log4j: Parsing layout options for "DRFA".
log4j: Setting property [conversionPattern] to [%d{ISO8601} %-5p [%t]: %c{2} (%F:%M(%L)) - %m%n].
log4j: End of parsing for "DRFA".
log4j: Setting property [datePattern] to [.yyyy-MM-dd].
log4j: Setting property [file] to [/Users/selinaz/dev/branch-1.2-skewjoinNPE/hive/itests/qtest/target/tmp/log//hive.log].
log4j: setFile called: /Users/selinaz/dev/branch-1.2-skewjoinNPE/hive/itests/qtest/target/tmp/log//hive.log, true
log4j: setFile ended
log4j: Appender [DRFA] to be rolled at midnight.
log4j: Parsed "DRFA" options.
log4j: Parsing appender named "EventCounter".
log4j: Parsed "EventCounter" options.
log4j: Parsing for [org.apache.zookeeper.ClientCnxnSocketNIO] with value=[WARN,DRFA].
log4j: Level token is [WARN].
log4j: Category org.apache.zookeeper.ClientCnxnSocketNIO set to WARN
log4j: Parsing appender named "DRFA".
log4j: Appender "DRFA" was already parsed.
log4j: Handling log4j.additivity.org.apache.zookeeper.ClientCnxnSocketNIO=[null]
log4j: Parsing for [DataNucleus] with value=[ERROR,DRFA].
log4j: Level token is [ERROR].
log4j: Category DataNucleus set to ERROR
log4j: Parsing appender named "DRFA".
log4j: Appender "DRFA" was already parsed.
log4j: Handling log4j.additivity.DataNucleus=[null]
log4j: Parsing for [org.apache.zookeeper.server.ServerCnxn] with value=[WARN,DRFA].
log4j: Level token is [WARN].
log4j: Category org.apache.zookeeper.server.ServerCnxn set to WARN
log4j: Parsing appender named "DRFA".
log4j: Appender "DRFA" was already parsed.
log4j: Handling log4j.additivity.org.apache.zookeeper.server.ServerCnxn=[null]
log4j: Parsing for [org.apache.zookeeper] with value=[INFO,DRFA].
log4j: Level token is [INFO].
log4j: Category org.apache.zookeeper set to INFO
log4j: Parsing appender named "DRFA".
log4j: Appender "DRFA" was already parsed.
log4j: Handling log4j.additivity.org.apache.zookeeper=[null]
log4j: Parsing for [JPOX.Enhancer] with value=[ERROR,DRFA].
log4j: Level token is [ERROR].
log4j: Category JPOX.Enhancer set to ERROR
log4j: Parsing appender named "DRFA".
log4j: Appender "DRFA" was already parsed.
log4j: Handling log4j.additivity.JPOX.Enhancer=[null]
log4j: Parsing for [JPOX.MetaData] with value=[ERROR,DRFA].
log4j: Level token is [ERROR].
log4j: Category JPOX.MetaData set to ERROR
log4j: Parsing appender named "DRFA".
log4j: Appender "DRFA" was already parsed.
log4j: Handling log4j.additivity.JPOX.MetaData=[null]
log4j: Parsing for [org.apache.hadoop.hive.metastore.ObjectStore] with value=[INFO,DRFA].
log4j: Level token is [INFO].
log4j: Category org.apache.hadoop.hive.metastore.ObjectStore set to INFO
log4j: Parsing appender named "DRFA".
log4j: Appender "DRFA" was already parsed.
log4j: Handling log4j.additivity.org.apache.hadoop.hive.metastore.ObjectStore=[null]
log4j: Parsing for [org.apache.hadoop.hive.ql.exec.Operator] with value=[INFO,DRFA].
log4j: Level token is [INFO].
log4j: Category org.apache.hadoop.hive.ql.exec.Operator set to INFO
log4j: Parsing appender named "DRFA".
log4j: Appender "DRFA" was already parsed.
log4j: Handling log4j.additivity.org.apache.hadoop.hive.ql.exec.Operator=[null]
log4j: Parsing for [JPOX.Plugin] with value=[ERROR,DRFA].
log4j: Level token is [ERROR].
log4j: Category JPOX.Plugin set to ERROR
log4j: Parsing appender named "DRFA".
log4j: Appender "DRFA" was already parsed.
log4j: Handling log4j.additivity.JPOX.Plugin=[null]
log4j: Parsing for [JPOX.Datastore] with value=[ERROR,DRFA].
log4j: Level token is [ERROR].
log4j: Category JPOX.Datastore set to ERROR
log4j: Parsing appender named "DRFA".
log4j: Appender "DRFA" was already parsed.
log4j: Handling log4j.additivity.JPOX.Datastore=[null]
log4j: Parsing for [org.apache.hadoop.hive.serde2.lazy] with value=[INFO,DRFA].
log4j: Level token is [INFO].
log4j: Category org.apache.hadoop.hive.serde2.lazy set to INFO
log4j: Parsing appender named "DRFA".
log4j: Appender "DRFA" was already parsed.
log4j: Handling log4j.additivity.org.apache.hadoop.hive.serde2.lazy=[null]
log4j: Parsing for [org.apache.zookeeper.ClientCnxn] with value=[WARN,DRFA].
log4j: Level token is [WARN].
log4j: Category org.apache.zookeeper.ClientCnxn set to WARN
log4j: Parsing appender named "DRFA".
log4j: Appender "DRFA" was already parsed.
log4j: Handling log4j.additivity.org.apache.zookeeper.ClientCnxn=[null]
log4j: Parsing for [org.apache.zookeeper.ClientCnxnSocket] with value=[WARN,DRFA].
log4j: Level token is [WARN].
log4j: Category org.apache.zookeeper.ClientCnxnSocket set to WARN
log4j: Parsing appender named "DRFA".
log4j: Appender "DRFA" was already parsed.
log4j: Handling log4j.additivity.org.apache.zookeeper.ClientCnxnSocket=[null]
log4j: Parsing for [Datastore.Schema] with value=[ERROR,DRFA].
log4j: Level token is [ERROR].
log4j: Category Datastore.Schema set to ERROR
log4j: Parsing appender named "DRFA".
log4j: Appender "DRFA" was already parsed.
log4j: Handling log4j.additivity.Datastore.Schema=[null]
log4j: Parsing for [JPOX.General] with value=[ERROR,DRFA].
log4j: Level token is [ERROR].
log4j: Category JPOX.General set to ERROR
log4j: Parsing appender named "DRFA".
log4j: Appender "DRFA" was already parsed.
log4j: Handling log4j.additivity.JPOX.General=[null]
log4j: Parsing for [Datastore] with value=[ERROR,DRFA].
log4j: Level token is [ERROR].
log4j: Category Datastore set to ERROR
log4j: Parsing appender named "DRFA".
log4j: Appender "DRFA" was already parsed.
log4j: Handling log4j.additivity.Datastore=[null]
log4j: Parsing for [org.apache.zookeeper.server.NIOServerCnxn] with value=[WARN,DRFA].
log4j: Level token is [WARN].
log4j: Category org.apache.zookeeper.server.NIOServerCnxn set to WARN
log4j: Parsing appender named "DRFA".
log4j: Appender "DRFA" was already parsed.
log4j: Handling log4j.additivity.org.apache.zookeeper.server.NIOServerCnxn=[null]
log4j: Parsing for [org.apache.hadoop.hive.ql.log.PerfLogger] with value=[].
log4j: Handling log4j.additivity.org.apache.hadoop.hive.ql.log.PerfLogger=[null]
log4j: Parsing for [org.apache.hadoop.conf.Configuration] with value=[ERROR,DRFA].
log4j: Level token is [ERROR].
log4j: Category org.apache.hadoop.conf.Configuration set to ERROR
log4j: Parsing appender named "DRFA".
log4j: Appender "DRFA" was already parsed.
log4j: Handling log4j.additivity.org.apache.hadoop.conf.Configuration=[null]
log4j: Parsing for [JPOX.Query] with value=[ERROR,DRFA].
log4j: Level token is [ERROR].
log4j: Category JPOX.Query set to ERROR
log4j: Parsing appender named "DRFA".
log4j: Appender "DRFA" was already parsed.
log4j: Handling log4j.additivity.JPOX.Query=[null]
log4j: Finished configuring.
Setting hive-site: file:/Users/selinaz/dev/branch-1.2-skewjoinNPE/hive/itests/qtest/../../data/conf/tez//hive-site.xml
Formatting using clusterid: testClusterID
]]></system-out>
    <system-err><![CDATA[Apr 17, 2017 5:16:20 PM com.sun.jersey.guice.spi.container.GuiceComponentProviderFactory register
INFO: Registering org.apache.hadoop.yarn.server.resourcemanager.webapp.JAXBContextResolver as a provider class
Apr 17, 2017 5:16:20 PM com.sun.jersey.guice.spi.container.GuiceComponentProviderFactory register
INFO: Registering org.apache.hadoop.yarn.server.resourcemanager.webapp.RMWebServices as a root resource class
Apr 17, 2017 5:16:20 PM com.sun.jersey.guice.spi.container.GuiceComponentProviderFactory register
INFO: Registering org.apache.hadoop.yarn.webapp.GenericExceptionHandler as a provider class
Apr 17, 2017 5:16:20 PM com.sun.jersey.server.impl.application.WebApplicationImpl _initiate
INFO: Initiating Jersey application, version 'Jersey: 1.14 09/09/2012 05:39 PM'
Apr 17, 2017 5:16:20 PM com.sun.jersey.guice.spi.container.GuiceComponentProviderFactory getComponentProvider
INFO: Binding org.apache.hadoop.yarn.server.resourcemanager.webapp.JAXBContextResolver to GuiceManagedComponentProvider with the scope "Singleton"
Apr 17, 2017 5:16:21 PM com.sun.jersey.guice.spi.container.GuiceComponentProviderFactory getComponentProvider
INFO: Binding org.apache.hadoop.yarn.webapp.GenericExceptionHandler to GuiceManagedComponentProvider with the scope "Singleton"
Apr 17, 2017 5:16:21 PM com.sun.jersey.guice.spi.container.GuiceComponentProviderFactory getComponentProvider
INFO: Binding org.apache.hadoop.yarn.server.resourcemanager.webapp.RMWebServices to GuiceManagedComponentProvider with the scope "Singleton"
Apr 17, 2017 5:16:21 PM com.google.inject.servlet.GuiceFilter setPipeline
WARNING: Multiple Servlet injectors detected. This is a warning indicating that you have more than one GuiceFilter running in your web application. If this is deliberate, you may safely ignore this message. If this is NOT deliberate however, your application may not work as expected.
Apr 17, 2017 5:16:21 PM com.sun.jersey.guice.spi.container.GuiceComponentProviderFactory register
INFO: Registering org.apache.hadoop.yarn.server.nodemanager.webapp.NMWebServices as a root resource class
Apr 17, 2017 5:16:21 PM com.sun.jersey.guice.spi.container.GuiceComponentProviderFactory register
INFO: Registering org.apache.hadoop.yarn.webapp.GenericExceptionHandler as a provider class
Apr 17, 2017 5:16:21 PM com.sun.jersey.guice.spi.container.GuiceComponentProviderFactory register
INFO: Registering org.apache.hadoop.yarn.server.nodemanager.webapp.JAXBContextResolver as a provider class
Apr 17, 2017 5:16:21 PM com.sun.jersey.server.impl.application.WebApplicationImpl _initiate
INFO: Initiating Jersey application, version 'Jersey: 1.14 09/09/2012 05:39 PM'
Apr 17, 2017 5:16:21 PM com.sun.jersey.guice.spi.container.GuiceComponentProviderFactory getComponentProvider
INFO: Binding org.apache.hadoop.yarn.server.nodemanager.webapp.JAXBContextResolver to GuiceManagedComponentProvider with the scope "Singleton"
Apr 17, 2017 5:16:21 PM com.sun.jersey.guice.spi.container.GuiceComponentProviderFactory getComponentProvider
INFO: Binding org.apache.hadoop.yarn.webapp.GenericExceptionHandler to GuiceManagedComponentProvider with the scope "Singleton"
Apr 17, 2017 5:16:22 PM com.sun.jersey.guice.spi.container.GuiceComponentProviderFactory getComponentProvider
INFO: Binding org.apache.hadoop.yarn.server.nodemanager.webapp.NMWebServices to GuiceManagedComponentProvider with the scope "Singleton"
Apr 17, 2017 5:16:22 PM com.google.inject.servlet.GuiceFilter setPipeline
WARNING: Multiple Servlet injectors detected. This is a warning indicating that you have more than one GuiceFilter running in your web application. If this is deliberate, you may safely ignore this message. If this is NOT deliberate however, your application may not work as expected.
Apr 17, 2017 5:16:22 PM com.sun.jersey.guice.spi.container.GuiceComponentProviderFactory register
INFO: Registering org.apache.hadoop.yarn.server.nodemanager.webapp.NMWebServices as a root resource class
Apr 17, 2017 5:16:22 PM com.sun.jersey.guice.spi.container.GuiceComponentProviderFactory register
INFO: Registering org.apache.hadoop.yarn.webapp.GenericExceptionHandler as a provider class
Apr 17, 2017 5:16:22 PM com.sun.jersey.guice.spi.container.GuiceComponentProviderFactory register
INFO: Registering org.apache.hadoop.yarn.server.nodemanager.webapp.JAXBContextResolver as a provider class
Apr 17, 2017 5:16:22 PM com.sun.jersey.server.impl.application.WebApplicationImpl _initiate
INFO: Initiating Jersey application, version 'Jersey: 1.14 09/09/2012 05:39 PM'
Apr 17, 2017 5:16:22 PM com.sun.jersey.guice.spi.container.GuiceComponentProviderFactory getComponentProvider
INFO: Binding org.apache.hadoop.yarn.server.nodemanager.webapp.JAXBContextResolver to GuiceManagedComponentProvider with the scope "Singleton"
Apr 17, 2017 5:16:22 PM com.sun.jersey.guice.spi.container.GuiceComponentProviderFactory getComponentProvider
INFO: Binding org.apache.hadoop.yarn.webapp.GenericExceptionHandler to GuiceManagedComponentProvider with the scope "Singleton"
Apr 17, 2017 5:16:22 PM com.sun.jersey.guice.spi.container.GuiceComponentProviderFactory getComponentProvider
INFO: Binding org.apache.hadoop.yarn.server.nodemanager.webapp.NMWebServices to GuiceManagedComponentProvider with the scope "Singleton"
Apr 17, 2017 5:16:22 PM com.google.inject.servlet.GuiceFilter setPipeline
WARNING: Multiple Servlet injectors detected. This is a warning indicating that you have more than one GuiceFilter running in your web application. If this is deliberate, you may safely ignore this message. If this is NOT deliberate however, your application may not work as expected.
Apr 17, 2017 5:16:23 PM com.sun.jersey.guice.spi.container.GuiceComponentProviderFactory register
INFO: Registering org.apache.hadoop.yarn.server.nodemanager.webapp.NMWebServices as a root resource class
Apr 17, 2017 5:16:23 PM com.sun.jersey.guice.spi.container.GuiceComponentProviderFactory register
INFO: Registering org.apache.hadoop.yarn.webapp.GenericExceptionHandler as a provider class
Apr 17, 2017 5:16:23 PM com.sun.jersey.guice.spi.container.GuiceComponentProviderFactory register
INFO: Registering org.apache.hadoop.yarn.server.nodemanager.webapp.JAXBContextResolver as a provider class
Apr 17, 2017 5:16:23 PM com.sun.jersey.server.impl.application.WebApplicationImpl _initiate
INFO: Initiating Jersey application, version 'Jersey: 1.14 09/09/2012 05:39 PM'
Apr 17, 2017 5:16:23 PM com.sun.jersey.guice.spi.container.GuiceComponentProviderFactory getComponentProvider
INFO: Binding org.apache.hadoop.yarn.server.nodemanager.webapp.JAXBContextResolver to GuiceManagedComponentProvider with the scope "Singleton"
Apr 17, 2017 5:16:23 PM com.sun.jersey.guice.spi.container.GuiceComponentProviderFactory getComponentProvider
INFO: Binding org.apache.hadoop.yarn.webapp.GenericExceptionHandler to GuiceManagedComponentProvider with the scope "Singleton"
Apr 17, 2017 5:16:23 PM com.sun.jersey.guice.spi.container.GuiceComponentProviderFactory getComponentProvider
INFO: Binding org.apache.hadoop.yarn.server.nodemanager.webapp.NMWebServices to GuiceManagedComponentProvider with the scope "Singleton"
Apr 17, 2017 5:16:23 PM com.google.inject.servlet.GuiceFilter setPipeline
WARNING: Multiple Servlet injectors detected. This is a warning indicating that you have more than one GuiceFilter running in your web application. If this is deliberate, you may safely ignore this message. If this is NOT deliberate however, your application may not work as expected.
ivysettings.xml file not found in HIVE_HOME or HIVE_CONF_DIR,/Users/selinaz/dev/branch-1.2-skewjoinNPE/hive/conf/ivysettings.xml will be used
Exception: java.lang.RuntimeException: Unable to instantiate org.apache.hadoop.hive.ql.metadata.SessionHiveMetaStoreClient
java.lang.RuntimeException: java.lang.RuntimeException: Unable to instantiate org.apache.hadoop.hive.ql.metadata.SessionHiveMetaStoreClient
	at org.apache.hadoop.hive.ql.session.SessionState.start(SessionState.java:542)
	at org.apache.hadoop.hive.ql.session.SessionState.start(SessionState.java:486)
	at org.apache.hadoop.hive.ql.QTestUtil.init(QTestUtil.java:893)
	at org.apache.hadoop.hive.ql.QTestUtil.<init>(QTestUtil.java:489)
	at org.apache.hadoop.hive.ql.QTestUtil.<init>(QTestUtil.java:355)
	at org.apache.hadoop.hive.cli.TestMiniTezCliDriver.<clinit>(TestMiniTezCliDriver.java:53)
	at sun.reflect.NativeMethodAccessorImpl.invoke0(Native Method)
	at sun.reflect.NativeMethodAccessorImpl.invoke(NativeMethodAccessorImpl.java:62)
	at sun.reflect.DelegatingMethodAccessorImpl.invoke(DelegatingMethodAccessorImpl.java:43)
	at java.lang.reflect.Method.invoke(Method.java:498)
	at org.junit.internal.runners.SuiteMethod.testFromSuiteMethod(SuiteMethod.java:35)
	at org.junit.internal.runners.SuiteMethod.<init>(SuiteMethod.java:24)
	at org.junit.internal.builders.SuiteMethodBuilder.runnerForClass(SuiteMethodBuilder.java:11)
	at org.junit.runners.model.RunnerBuilder.safeRunnerForClass(RunnerBuilder.java:59)
	at org.junit.internal.builders.AllDefaultPossibilitiesBuilder.runnerForClass(AllDefaultPossibilitiesBuilder.java:26)
	at org.junit.runners.model.RunnerBuilder.safeRunnerForClass(RunnerBuilder.java:59)
	at org.junit.internal.requests.ClassRequest.getRunner(ClassRequest.java:26)
	at org.apache.maven.surefire.junit4.JUnit4Provider.execute(JUnit4Provider.java:262)
	at org.apache.maven.surefire.junit4.JUnit4Provider.executeTestSet(JUnit4Provider.java:153)
	at org.apache.maven.surefire.junit4.JUnit4Provider.invoke(JUnit4Provider.java:124)
	at org.apache.maven.surefire.booter.ForkedBooter.invokeProviderInSameClassLoader(ForkedBooter.java:200)
	at org.apache.maven.surefire.booter.ForkedBooter.runSuitesInProcess(ForkedBooter.java:153)
	at org.apache.maven.surefire.booter.ForkedBooter.main(ForkedBooter.java:103)
Caused by: java.lang.RuntimeException: Unable to instantiate org.apache.hadoop.hive.ql.metadata.SessionHiveMetaStoreClient
	at org.apache.hadoop.hive.metastore.MetaStoreUtils.newInstance(MetaStoreUtils.java:1525)
	at org.apache.hadoop.hive.metastore.RetryingMetaStoreClient.<init>(RetryingMetaStoreClient.java:87)
	at org.apache.hadoop.hive.metastore.RetryingMetaStoreClient.getProxy(RetryingMetaStoreClient.java:133)
	at org.apache.hadoop.hive.metastore.RetryingMetaStoreClient.getProxy(RetryingMetaStoreClient.java:105)
	at org.apache.hadoop.hive.ql.metadata.Hive.createMetaStoreClient(Hive.java:3541)
	at org.apache.hadoop.hive.ql.metadata.Hive.getMSC(Hive.java:3561)
	at org.apache.hadoop.hive.ql.session.SessionState.start(SessionState.java:523)
	... 22 more
Caused by: java.lang.reflect.InvocationTargetException
	at sun.reflect.NativeConstructorAccessorImpl.newInstance0(Native Method)
	at sun.reflect.NativeConstructorAccessorImpl.newInstance(NativeConstructorAccessorImpl.java:62)
	at sun.reflect.DelegatingConstructorAccessorImpl.newInstance(DelegatingConstructorAccessorImpl.java:45)
	at java.lang.reflect.Constructor.newInstance(Constructor.java:423)
	at org.apache.hadoop.hive.metastore.MetaStoreUtils.newInstance(MetaStoreUtils.java:1523)
	... 28 more
Caused by: java.lang.VerifyError: Expecting a stackmap frame at branch target 40
Exception Details:
  Location:
    org/apache/hadoop/hive/metastore/model/MDatabase.jdoGetparameters(Lorg/apache/hadoop/hive/metastore/model/MDatabase;)Ljava/util/Map; @4: ifnull
  Reason:
    Expected stackmap frame at this location.
  Bytecode:
    0x0000000: 2ab4 00a4 c600 242a b400 a42a 08b9 0192
    0x0000010: 0300 9a00 162a b400 a42a 082a b400 21b9
    0x0000020: 01aa 0400 c001 4ab0 2ab6 00ae 9900 2e2a
    0x0000030: b400 b005 32c0 00ce 08b6 00f7 9a00 1e2a
    0x0000040: b400 b006 32c0 00ce 08b6 00f7 9a00 0ebb
    0x0000050: 00fd 5913 01ac b701 01bf 2ab4 0021 b0  

	at java.lang.Class.getDeclaredFields0(Native Method)
	at java.lang.Class.privateGetDeclaredFields(Class.java:2583)
	at java.lang.Class.getDeclaredFields(Class.java:1916)
	at org.datanucleus.metadata.ClassMetaData.addMetaDataForMembersNotInMetaData(ClassMetaData.java:356)
	at org.datanucleus.metadata.ClassMetaData.populate(ClassMetaData.java:198)
	at org.datanucleus.metadata.MetaDataManager$1.run(MetaDataManager.java:2676)
	at java.security.AccessController.doPrivileged(Native Method)
	at org.datanucleus.metadata.MetaDataManager.populateAbstractClassMetaData(MetaDataManager.java:2670)
	at org.datanucleus.metadata.MetaDataManager.getMetaDataForClass(MetaDataManager.java:1410)
	at org.datanucleus.query.compiler.JavaQueryCompiler.getType(JavaQueryCompiler.java:959)
	at org.datanucleus.query.compiler.JavaQueryCompiler.getType(JavaQueryCompiler.java:951)
	at org.datanucleus.query.symbol.SymbolTable.getType(SymbolTable.java:162)
	at org.datanucleus.query.expression.PrimaryExpression.bind(PrimaryExpression.java:129)
	at org.datanucleus.query.expression.DyadicExpression.bind(DyadicExpression.java:87)
	at org.datanucleus.query.compiler.JavaQueryCompiler.compileFilter(JavaQueryCompiler.java:480)
	at org.datanucleus.query.compiler.JDOQLCompiler.compile(JDOQLCompiler.java:102)
	at org.datanucleus.store.query.AbstractJDOQLQuery.compileInternal(AbstractJDOQLQuery.java:348)
	at org.datanucleus.store.rdbms.query.JDOQLQuery.compileInternal(JDOQLQuery.java:215)
	at org.datanucleus.store.query.Query.executeQuery(Query.java:1748)
	at org.datanucleus.store.query.Query.executeWithArray(Query.java:1667)
	at org.datanucleus.store.query.Query.execute(Query.java:1640)
	at org.datanucleus.api.jdo.JDOQuery.execute(JDOQuery.java:221)
	at org.apache.hadoop.hive.metastore.MetaStoreDirectSql.ensureDbInit(MetaStoreDirectSql.java:196)
	at org.apache.hadoop.hive.metastore.MetaStoreDirectSql.<init>(MetaStoreDirectSql.java:148)
	at org.apache.hadoop.hive.metastore.ObjectStore.initialize(ObjectStore.java:304)
	at org.apache.hadoop.hive.metastore.ObjectStore.setConf(ObjectStore.java:267)
	at org.apache.hadoop.util.ReflectionUtils.setConf(ReflectionUtils.java:73)
	at org.apache.hadoop.util.ReflectionUtils.newInstance(ReflectionUtils.java:133)
	at org.apache.hadoop.hive.metastore.RawStoreProxy.<init>(RawStoreProxy.java:61)
	at org.apache.hadoop.hive.metastore.RawStoreProxy.getProxy(RawStoreProxy.java:70)
	at org.apache.hadoop.hive.metastore.HiveMetaStore$HMSHandler.newRawStore(HiveMetaStore.java:530)
	at org.apache.hadoop.hive.metastore.HiveMetaStore$HMSHandler.getMS(HiveMetaStore.java:495)
	at org.apache.hadoop.hive.metastore.HiveMetaStore$HMSHandler.createDefaultDB(HiveMetaStore.java:557)
	at org.apache.hadoop.hive.metastore.HiveMetaStore$HMSHandler.init(HiveMetaStore.java:384)
	at org.apache.hadoop.hive.metastore.RetryingHMSHandler.<init>(RetryingHMSHandler.java:66)
	at org.apache.hadoop.hive.metastore.RetryingHMSHandler.getProxy(RetryingHMSHandler.java:72)
	at org.apache.hadoop.hive.metastore.HiveMetaStore.newRetryingHMSHandler(HiveMetaStore.java:6344)
	at org.apache.hadoop.hive.metastore.HiveMetaStoreClient.<init>(HiveMetaStoreClient.java:211)
	at org.apache.hadoop.hive.ql.metadata.SessionHiveMetaStoreClient.<init>(SessionHiveMetaStoreClient.java:75)
	... 33 more
]]></system-err>
  </testcase>
</testsuite>