-------------------------------------------------------------------------------
Test set: org.apache.hive.hcatalog.api.TestHCatClientNotification
-------------------------------------------------------------------------------
Tests run: 1, Failures: 0, Errors: 1, Skipped: 0, Time elapsed: 3.299 sec <<< FAILURE! - in org.apache.hive.hcatalog.api.TestHCatClientNotification
org.apache.hive.hcatalog.api.TestHCatClientNotification  Time elapsed: 3.298 sec  <<< ERROR!
com.google.common.util.concurrent.UncheckedExecutionException: java.lang.RuntimeException: Unable to instantiate org.apache.hive.hcatalog.common.HiveClientCache$CacheableHiveMetaStoreClient
	at java.lang.Class.getDeclaredFields0(Native Method)
	at java.lang.Class.privateGetDeclaredFields(Class.java:2583)
	at java.lang.Class.getDeclaredFields(Class.java:1916)
	at org.datanucleus.metadata.ClassMetaData.addMetaDataForMembersNotInMetaData(ClassMetaData.java:356)
	at org.datanucleus.metadata.ClassMetaData.populate(ClassMetaData.java:198)
	at org.datanucleus.metadata.MetaDataManager$1.run(MetaDataManager.java:2676)
	at java.security.AccessController.doPrivileged(Native Method)
	at org.datanucleus.metadata.MetaDataManager.populateAbstractClassMetaData(MetaDataManager.java:2670)
	at org.datanucleus.metadata.MetaDataManager.populateFileMetaData(MetaDataManager.java:2493)
	at org.datanucleus.api.jdo.metadata.JDOMetaDataManager.loadXMLMetaDataForClass(JDOMetaDataManager.java:776)
	at org.datanucleus.api.jdo.metadata.JDOMetaDataManager.getMetaDataForClassInternal(JDOMetaDataManager.java:378)
	at org.datanucleus.metadata.MetaDataManager.getMetaDataForClass(MetaDataManager.java:1404)
	at org.datanucleus.query.compiler.JavaQueryCompiler.getType(JavaQueryCompiler.java:959)
	at org.datanucleus.query.compiler.JavaQueryCompiler.getType(JavaQueryCompiler.java:951)
	at org.datanucleus.query.symbol.SymbolTable.getType(SymbolTable.java:162)
	at org.datanucleus.query.expression.PrimaryExpression.bind(PrimaryExpression.java:129)
	at org.datanucleus.query.expression.DyadicExpression.bind(DyadicExpression.java:87)
	at org.datanucleus.query.compiler.JavaQueryCompiler.compileFilter(JavaQueryCompiler.java:480)
	at org.datanucleus.query.compiler.JDOQLCompiler.compile(JDOQLCompiler.java:102)
	at org.datanucleus.store.query.AbstractJDOQLQuery.compileInternal(AbstractJDOQLQuery.java:348)
	at org.datanucleus.store.rdbms.query.JDOQLQuery.compileInternal(JDOQLQuery.java:215)
	at org.datanucleus.store.query.Query.executeQuery(Query.java:1748)
	at org.datanucleus.store.query.Query.executeWithArray(Query.java:1667)
	at org.datanucleus.store.query.Query.execute(Query.java:1640)
	at org.datanucleus.api.jdo.JDOQuery.execute(JDOQuery.java:221)
	at org.apache.hadoop.hive.metastore.MetaStoreDirectSql.ensureDbInit(MetaStoreDirectSql.java:196)
	at org.apache.hadoop.hive.metastore.MetaStoreDirectSql.<init>(MetaStoreDirectSql.java:148)
	at org.apache.hadoop.hive.metastore.ObjectStore.initialize(ObjectStore.java:304)
	at org.apache.hadoop.hive.metastore.ObjectStore.setConf(ObjectStore.java:267)
	at org.apache.hadoop.util.ReflectionUtils.setConf(ReflectionUtils.java:73)
	at org.apache.hadoop.util.ReflectionUtils.newInstance(ReflectionUtils.java:133)
	at org.apache.hadoop.hive.metastore.RawStoreProxy.<init>(RawStoreProxy.java:61)
	at org.apache.hadoop.hive.metastore.RawStoreProxy.getProxy(RawStoreProxy.java:70)
	at org.apache.hadoop.hive.metastore.HiveMetaStore$HMSHandler.newRawStore(HiveMetaStore.java:530)
	at org.apache.hadoop.hive.metastore.HiveMetaStore$HMSHandler.getMS(HiveMetaStore.java:495)
	at org.apache.hadoop.hive.metastore.HiveMetaStore$HMSHandler.createDefaultDB(HiveMetaStore.java:557)
	at org.apache.hadoop.hive.metastore.HiveMetaStore$HMSHandler.init(HiveMetaStore.java:384)
	at org.apache.hadoop.hive.metastore.RetryingHMSHandler.<init>(RetryingHMSHandler.java:66)
	at org.apache.hadoop.hive.metastore.RetryingHMSHandler.getProxy(RetryingHMSHandler.java:72)
	at org.apache.hadoop.hive.metastore.HiveMetaStore.newRetryingHMSHandler(HiveMetaStore.java:6397)
	at org.apache.hadoop.hive.metastore.HiveMetaStoreClient.<init>(HiveMetaStoreClient.java:211)
	at org.apache.hadoop.hive.metastore.HiveMetaStoreClient.<init>(HiveMetaStoreClient.java:189)
	at org.apache.hive.hcatalog.common.HiveClientCache$CacheableHiveMetaStoreClient.<init>(HiveClientCache.java:423)
	at sun.reflect.NativeConstructorAccessorImpl.newInstance0(Native Method)
	at sun.reflect.NativeConstructorAccessorImpl.newInstance(NativeConstructorAccessorImpl.java:62)
	at sun.reflect.DelegatingConstructorAccessorImpl.newInstance(DelegatingConstructorAccessorImpl.java:45)
	at java.lang.reflect.Constructor.newInstance(Constructor.java:423)
	at org.apache.hadoop.hive.metastore.MetaStoreUtils.newInstance(MetaStoreUtils.java:1523)
	at org.apache.hadoop.hive.metastore.RetryingMetaStoreClient.<init>(RetryingMetaStoreClient.java:87)
	at org.apache.hadoop.hive.metastore.RetryingMetaStoreClient.getProxy(RetryingMetaStoreClient.java:133)
	at org.apache.hadoop.hive.metastore.RetryingMetaStoreClient.getProxy(RetryingMetaStoreClient.java:119)
	at org.apache.hive.hcatalog.common.HiveClientCache$5.call(HiveClientCache.java:312)
	at org.apache.hive.hcatalog.common.HiveClientCache$5.call(HiveClientCache.java:308)
	at com.google.common.cache.LocalCache$LocalManualCache$1.load(LocalCache.java:4792)
	at com.google.common.cache.LocalCache$LoadingValueReference.loadFuture(LocalCache.java:3599)
	at com.google.common.cache.LocalCache$Segment.loadSync(LocalCache.java:2379)
	at com.google.common.cache.LocalCache$Segment.lockedGetOrLoad(LocalCache.java:2342)
	at com.google.common.cache.LocalCache$Segment.get(LocalCache.java:2257)
	at com.google.common.cache.LocalCache.get(LocalCache.java:4000)
	at com.google.common.cache.LocalCache$LocalManualCache.get(LocalCache.java:4789)
	at org.apache.hive.hcatalog.common.HiveClientCache.getOrCreate(HiveClientCache.java:308)
	at org.apache.hive.hcatalog.common.HiveClientCache.get(HiveClientCache.java:270)
	at org.apache.hive.hcatalog.common.HCatUtil.getHiveMetastoreClient(HCatUtil.java:650)
	at org.apache.hive.hcatalog.api.HCatClientHMSImpl.initialize(HCatClientHMSImpl.java:1123)
	at org.apache.hive.hcatalog.api.HCatClient.create(HCatClient.java:71)
	at org.apache.hive.hcatalog.api.TestHCatClientNotification.setupClient(TestHCatClientNotification.java:64)

