<?xml version="1.0" encoding="UTF-8"?>
<testsuite name="org.apache.hive.hcatalog.api.TestHCatClientNotification" time="3.298" tests="1" errors="1" skipped="0" failures="0">
  <properties>
[...]
</properties>
  <testcase name="org.apache.hive.hcatalog.api.TestHCatClientNotification" classname="org.apache.hive.hcatalog.api.TestHCatClientNotification" time="3.298">
    <error message="java.lang.RuntimeException: Unable to instantiate org.apache.hive.hcatalog.common.HiveClientCache$CacheableHiveMetaStoreClient" type="com.google.common.util.concurrent.UncheckedExecutionException"><![CDATA[com.google.common.util.concurrent.UncheckedExecutionException: java.lang.RuntimeException: Unable to instantiate org.apache.hive.hcatalog.common.HiveClientCache$CacheableHiveMetaStoreClient
	at java.lang.Class.getDeclaredFields0(Native Method)
	at java.lang.Class.privateGetDeclaredFields(Class.java:2583)
	at java.lang.Class.getDeclaredFields(Class.java:1916)
	at org.datanucleus.metadata.ClassMetaData.addMetaDataForMembersNotInMetaData(ClassMetaData.java:356)
	at org.datanucleus.metadata.ClassMetaData.populate(ClassMetaData.java:198)
	at org.datanucleus.metadata.MetaDataManager$1.run(MetaDataManager.java:2676)
	at java.security.AccessController.doPrivileged(Native Method)
	at org.datanucleus.metadata.MetaDataManager.populateAbstractClassMetaData(MetaDataManager.java:2670)
	at org.datanucleus.metadata.MetaDataManager.populateFileMetaData(MetaDataManager.java:2493)
	at org.datanucleus.api.jdo.metadata.JDOMetaDataManager.loadXMLMetaDataForClass(JDOMetaDataManager.java:776)
	at org.datanucleus.api.jdo.metadata.JDOMetaDataManager.getMetaDataForClassInternal(JDOMetaDataManager.java:378)
	at org.datanucleus.metadata.MetaDataManager.getMetaDataForClass(MetaDataManager.java:1404)
	at org.datanucleus.query.compiler.JavaQueryCompiler.getType(JavaQueryCompiler.java:959)
	at org.datanucleus.query.compiler.JavaQueryCompiler.getType(JavaQueryCompiler.java:951)
	at org.datanucleus.query.symbol.SymbolTable.getType(SymbolTable.java:162)
	at org.datanucleus.query.expression.PrimaryExpression.bind(PrimaryExpression.java:129)
	at org.datanucleus.query.expression.DyadicExpression.bind(DyadicExpression.java:87)
	at org.datanucleus.query.compiler.JavaQueryCompiler.compileFilter(JavaQueryCompiler.java:480)
	at org.datanucleus.query.compiler.JDOQLCompiler.compile(JDOQLCompiler.java:102)
	at org.datanucleus.store.query.AbstractJDOQLQuery.compileInternal(AbstractJDOQLQuery.java:348)
	at org.datanucleus.store.rdbms.query.JDOQLQuery.compileInternal(JDOQLQuery.java:215)
	at org.datanucleus.store.query.Query.executeQuery(Query.java:1748)
	at org.datanucleus.store.query.Query.executeWithArray(Query.java:1667)
	at org.datanucleus.store.query.Query.execute(Query.java:1640)
	at org.datanucleus.api.jdo.JDOQuery.execute(JDOQuery.java:221)
	at org.apache.hadoop.hive.metastore.MetaStoreDirectSql.ensureDbInit(MetaStoreDirectSql.java:196)
	at org.apache.hadoop.hive.metastore.MetaStoreDirectSql.<init>(MetaStoreDirectSql.java:148)
	at org.apache.hadoop.hive.metastore.ObjectStore.initialize(ObjectStore.java:304)
	at org.apache.hadoop.hive.metastore.ObjectStore.setConf(ObjectStore.java:267)
	at org.apache.hadoop.util.ReflectionUtils.setConf(ReflectionUtils.java:73)
	at org.apache.hadoop.util.ReflectionUtils.newInstance(ReflectionUtils.java:133)
	at org.apache.hadoop.hive.metastore.RawStoreProxy.<init>(RawStoreProxy.java:61)
	at org.apache.hadoop.hive.metastore.RawStoreProxy.getProxy(RawStoreProxy.java:70)
	at org.apache.hadoop.hive.metastore.HiveMetaStore$HMSHandler.newRawStore(HiveMetaStore.java:530)
	at org.apache.hadoop.hive.metastore.HiveMetaStore$HMSHandler.getMS(HiveMetaStore.java:495)
	at org.apache.hadoop.hive.metastore.HiveMetaStore$HMSHandler.createDefaultDB(HiveMetaStore.java:557)
	at org.apache.hadoop.hive.metastore.HiveMetaStore$HMSHandler.init(HiveMetaStore.java:384)
	at org.apache.hadoop.hive.metastore.RetryingHMSHandler.<init>(RetryingHMSHandler.java:66)
	at org.apache.hadoop.hive.metastore.RetryingHMSHandler.getProxy(RetryingHMSHandler.java:72)
	at org.apache.hadoop.hive.metastore.HiveMetaStore.newRetryingHMSHandler(HiveMetaStore.java:6397)
	at org.apache.hadoop.hive.metastore.HiveMetaStoreClient.<init>(HiveMetaStoreClient.java:211)
	at org.apache.hadoop.hive.metastore.HiveMetaStoreClient.<init>(HiveMetaStoreClient.java:189)
	at org.apache.hive.hcatalog.common.HiveClientCache$CacheableHiveMetaStoreClient.<init>(HiveClientCache.java:423)
	at sun.reflect.NativeConstructorAccessorImpl.newInstance0(Native Method)
	at sun.reflect.NativeConstructorAccessorImpl.newInstance(NativeConstructorAccessorImpl.java:62)
	at sun.reflect.DelegatingConstructorAccessorImpl.newInstance(DelegatingConstructorAccessorImpl.java:45)
	at java.lang.reflect.Constructor.newInstance(Constructor.java:423)
	at org.apache.hadoop.hive.metastore.MetaStoreUtils.newInstance(MetaStoreUtils.java:1523)
	at org.apache.hadoop.hive.metastore.RetryingMetaStoreClient.<init>(RetryingMetaStoreClient.java:87)
	at org.apache.hadoop.hive.metastore.RetryingMetaStoreClient.getProxy(RetryingMetaStoreClient.java:133)
	at org.apache.hadoop.hive.metastore.RetryingMetaStoreClient.getProxy(RetryingMetaStoreClient.java:119)
	at org.apache.hive.hcatalog.common.HiveClientCache$5.call(HiveClientCache.java:312)
	at org.apache.hive.hcatalog.common.HiveClientCache$5.call(HiveClientCache.java:308)
	at com.google.common.cache.LocalCache$LocalManualCache$1.load(LocalCache.java:4792)
	at com.google.common.cache.LocalCache$LoadingValueReference.loadFuture(LocalCache.java:3599)
	at com.google.common.cache.LocalCache$Segment.loadSync(LocalCache.java:2379)
	at com.google.common.cache.LocalCache$Segment.lockedGetOrLoad(LocalCache.java:2342)
	at com.google.common.cache.LocalCache$Segment.get(LocalCache.java:2257)
	at com.google.common.cache.LocalCache.get(LocalCache.java:4000)
	at com.google.common.cache.LocalCache$LocalManualCache.get(LocalCache.java:4789)
	at org.apache.hive.hcatalog.common.HiveClientCache.getOrCreate(HiveClientCache.java:308)
	at org.apache.hive.hcatalog.common.HiveClientCache.get(HiveClientCache.java:270)
	at org.apache.hive.hcatalog.common.HCatUtil.getHiveMetastoreClient(HCatUtil.java:650)
	at org.apache.hive.hcatalog.api.HCatClientHMSImpl.initialize(HCatClientHMSImpl.java:1123)
	at org.apache.hive.hcatalog.api.HCatClient.create(HCatClient.java:71)
	at org.apache.hive.hcatalog.api.TestHCatClientNotification.setupClient(TestHCatClientNotification.java:64)
]]></error>
    <system-out><![CDATA[log4j: Using URL [file:/Users/selinaz/dev/branch-1.2-skewjoinNPE/hive/itests/hcatalog-unit/target/tmp/conf/hive-log4j.properties] for automatic log4j configuration.
log4j: Reading configuration from URL file:/Users/selinaz/dev/branch-1.2-skewjoinNPE/hive/itests/hcatalog-unit/target/tmp/conf/hive-log4j.properties
log4j: Parsing for [root] with value=[DEBUG,DRFA, EventCounter].
log4j: Level token is [DEBUG].
log4j: Category root set to DEBUG
log4j: Parsing appender named "DRFA".
log4j: Parsing layout options for "DRFA".
log4j: Setting property [conversionPattern] to [%d{ISO8601} %-5p [%t]: %c{2} (%F:%M(%L)) - %m%n].
log4j: End of parsing for "DRFA".
log4j: Setting property [datePattern] to [.yyyy-MM-dd].
log4j: Setting property [file] to [/Users/selinaz/dev/branch-1.2-skewjoinNPE/hive/itests/hcatalog-unit/target/tmp/log//hive.log].
log4j: setFile called: /Users/selinaz/dev/branch-1.2-skewjoinNPE/hive/itests/hcatalog-unit/target/tmp/log//hive.log, true
log4j: setFile ended
log4j: Appender [DRFA] to be rolled at midnight.
log4j: Parsed "DRFA" options.
log4j: Parsing appender named "EventCounter".
log4j: Parsed "EventCounter" options.
log4j: Parsing for [org.apache.zookeeper.ClientCnxnSocketNIO] with value=[WARN,DRFA].
log4j: Level token is [WARN].
log4j: Category org.apache.zookeeper.ClientCnxnSocketNIO set to WARN
log4j: Parsing appender named "DRFA".
log4j: Appender "DRFA" was already parsed.
log4j: Handling log4j.additivity.org.apache.zookeeper.ClientCnxnSocketNIO=[null]
log4j: Parsing for [DataNucleus] with value=[ERROR,DRFA].
log4j: Level token is [ERROR].
log4j: Category DataNucleus set to ERROR
log4j: Parsing appender named "DRFA".
log4j: Appender "DRFA" was already parsed.
log4j: Handling log4j.additivity.DataNucleus=[null]
log4j: Parsing for [org.apache.zookeeper.server.ServerCnxn] with value=[WARN,DRFA].
log4j: Level token is [WARN].
log4j: Category org.apache.zookeeper.server.ServerCnxn set to WARN
log4j: Parsing appender named "DRFA".
log4j: Appender "DRFA" was already parsed.
log4j: Handling log4j.additivity.org.apache.zookeeper.server.ServerCnxn=[null]
log4j: Parsing for [org.apache.zookeeper] with value=[INFO,DRFA].
log4j: Level token is [INFO].
log4j: Category org.apache.zookeeper set to INFO
log4j: Parsing appender named "DRFA".
log4j: Appender "DRFA" was already parsed.
log4j: Handling log4j.additivity.org.apache.zookeeper=[null]
log4j: Parsing for [JPOX.Enhancer] with value=[ERROR,DRFA].
log4j: Level token is [ERROR].
log4j: Category JPOX.Enhancer set to ERROR
log4j: Parsing appender named "DRFA".
log4j: Appender "DRFA" was already parsed.
log4j: Handling log4j.additivity.JPOX.Enhancer=[null]
log4j: Parsing for [JPOX.MetaData] with value=[ERROR,DRFA].
log4j: Level token is [ERROR].
log4j: Category JPOX.MetaData set to ERROR
log4j: Parsing appender named "DRFA".
log4j: Appender "DRFA" was already parsed.
log4j: Handling log4j.additivity.JPOX.MetaData=[null]
log4j: Parsing for [org.apache.hadoop.hive.metastore.ObjectStore] with value=[INFO,DRFA].
log4j: Level token is [INFO].
log4j: Category org.apache.hadoop.hive.metastore.ObjectStore set to INFO
log4j: Parsing appender named "DRFA".
log4j: Appender "DRFA" was already parsed.
log4j: Handling log4j.additivity.org.apache.hadoop.hive.metastore.ObjectStore=[null]
log4j: Parsing for [org.apache.hadoop.hive.ql.exec.Operator] with value=[INFO,DRFA].
log4j: Level token is [INFO].
log4j: Category org.apache.hadoop.hive.ql.exec.Operator set to INFO
log4j: Parsing appender named "DRFA".
log4j: Appender "DRFA" was already parsed.
log4j: Handling log4j.additivity.org.apache.hadoop.hive.ql.exec.Operator=[null]
log4j: Parsing for [JPOX.Plugin] with value=[ERROR,DRFA].
log4j: Level token is [ERROR].
log4j: Category JPOX.Plugin set to ERROR
log4j: Parsing appender named "DRFA".
log4j: Appender "DRFA" was already parsed.
log4j: Handling log4j.additivity.JPOX.Plugin=[null]
log4j: Parsing for [JPOX.Datastore] with value=[ERROR,DRFA].
log4j: Level token is [ERROR].
log4j: Category JPOX.Datastore set to ERROR
log4j: Parsing appender named "DRFA".
log4j: Appender "DRFA" was already parsed.
log4j: Handling log4j.additivity.JPOX.Datastore=[null]
log4j: Parsing for [org.apache.hadoop.hive.serde2.lazy] with value=[INFO,DRFA].
log4j: Level token is [INFO].
log4j: Category org.apache.hadoop.hive.serde2.lazy set to INFO
log4j: Parsing appender named "DRFA".
log4j: Appender "DRFA" was already parsed.
log4j: Handling log4j.additivity.org.apache.hadoop.hive.serde2.lazy=[null]
log4j: Parsing for [org.apache.zookeeper.ClientCnxn] with value=[WARN,DRFA].
log4j: Level token is [WARN].
log4j: Category org.apache.zookeeper.ClientCnxn set to WARN
log4j: Parsing appender named "DRFA".
log4j: Appender "DRFA" was already parsed.
log4j: Handling log4j.additivity.org.apache.zookeeper.ClientCnxn=[null]
log4j: Parsing for [org.apache.zookeeper.ClientCnxnSocket] with value=[WARN,DRFA].
log4j: Level token is [WARN].
log4j: Category org.apache.zookeeper.ClientCnxnSocket set to WARN
log4j: Parsing appender named "DRFA".
log4j: Appender "DRFA" was already parsed.
log4j: Handling log4j.additivity.org.apache.zookeeper.ClientCnxnSocket=[null]
log4j: Parsing for [Datastore.Schema] with value=[ERROR,DRFA].
log4j: Level token is [ERROR].
log4j: Category Datastore.Schema set to ERROR
log4j: Parsing appender named "DRFA".
log4j: Appender "DRFA" was already parsed.
log4j: Handling log4j.additivity.Datastore.Schema=[null]
log4j: Parsing for [JPOX.General] with value=[ERROR,DRFA].
log4j: Level token is [ERROR].
log4j: Category JPOX.General set to ERROR
log4j: Parsing appender named "DRFA".
log4j: Appender "DRFA" was already parsed.
log4j: Handling log4j.additivity.JPOX.General=[null]
log4j: Parsing for [Datastore] with value=[ERROR,DRFA].
log4j: Level token is [ERROR].
log4j: Category Datastore set to ERROR
log4j: Parsing appender named "DRFA".
log4j: Appender "DRFA" was already parsed.
log4j: Handling log4j.additivity.Datastore=[null]
log4j: Parsing for [org.apache.zookeeper.server.NIOServerCnxn] with value=[WARN,DRFA].
log4j: Level token is [WARN].
log4j: Category org.apache.zookeeper.server.NIOServerCnxn set to WARN
log4j: Parsing appender named "DRFA".
log4j: Appender "DRFA" was already parsed.
log4j: Handling log4j.additivity.org.apache.zookeeper.server.NIOServerCnxn=[null]
log4j: Parsing for [org.apache.hadoop.hive.ql.log.PerfLogger] with value=[].
log4j: Handling log4j.additivity.org.apache.hadoop.hive.ql.log.PerfLogger=[null]
log4j: Parsing for [org.apache.hadoop.conf.Configuration] with value=[ERROR,DRFA].
log4j: Level token is [ERROR].
log4j: Category org.apache.hadoop.conf.Configuration set to ERROR
log4j: Parsing appender named "DRFA".
log4j: Appender "DRFA" was already parsed.
log4j: Handling log4j.additivity.org.apache.hadoop.conf.Configuration=[null]
log4j: Parsing for [JPOX.Query] with value=[ERROR,DRFA].
log4j: Level token is [ERROR].
log4j: Category JPOX.Query set to ERROR
log4j: Parsing appender named "DRFA".
log4j: Appender "DRFA" was already parsed.
log4j: Handling log4j.additivity.JPOX.Query=[null]
log4j: Finished configuring.
]]></system-out>
  </testcase>
</testsuite>